<?xml version="1.0" encoding="UTF-8"?>
<!-- Generated by org.testng.reporters.JUnitReportReporter -->
<testsuite hostname="0815" name="com.ilad.test.Tests" tests="1" failures="0" timestamp="4 Jan 2016 07:56:58 GMT" time="28.387" errors="0">
  <testcase name="testAddTask" time="28.387" classname="com.ilad.test.Tests"/>
</testsuite> <!-- com.ilad.test.Tests -->
